DEBUG: Missing /health -> normalized: health
DEBUG: Missing /api/opportunities -> normalized: opportunities
DEBUG: Missing /api/audition/demo -> normalized: demo
DEBUG: Missing /api/verify-token -> normalized: verifytoken
DEBUG: Missing /api/auth/magic-link -> normalized: magiclink
DEBUG: Missing /api/auth/request-audition-invite -> normalized: requestauditioninvite
DEBUG: Missing /api/auth/session -> normalized: session
DEBUG: Missing /api/activity/job-alerts -> normalized: jobalerts
DEBUG: Missing /api/activity/job-alerts/:id/read -> normalized: read
DEBUG: Missing /api/jobs/match-me -> normalized: matchme
DEBUG: Missing /api/audition/:projectId/stages -> normalized: stages
DEBUG: Missing /api/audition/start -> normalized: start
DEBUG: Missing /api/audition/get-upload-metadata -> normalized: getuploadmetadata
DEBUG: Missing /api/audition/register-answer -> normalized: registeranswer
DEBUG: Missing /api/audition/submit-answer -> normalized: submitanswer
DEBUG: Missing /api/audition/create-submission -> normalized: createsubmission
DEBUG: Missing /api/audition/submit-survey -> normalized: submitsurvey
DEBUG: Missing /api/support/tickets -> normalized: tickets
DEBUG: Missing /api/support/tickets/:id/reply -> normalized: reply
DEBUG: Missing /api/support/tickets/:id -> normalized: :id
DEBUG: Missing /api/support/tickets/:id -> normalized: :id
DEBUG: Missing /api/support/tickets -> normalized: tickets
DEBUG: Missing /api/submissions/:id -> normalized: :id
DEBUG: Missing /api/submissions/:submissionId/proctoring -> normalized: proctoring
DEBUG: Missing /api/audition/ensure-complete -> normalized: ensurecomplete
DEBUG: Missing /api/admin/transcription/settings -> normalized: settings
DEBUG: Missing /api/admin/transcription/settings -> normalized: settings
DEBUG: Missing /api/admin/transcription/trigger -> normalized: trigger
DEBUG: Missing /api/admin/job-notifications/trigger -> normalized: trigger
DEBUG: Missing /api/admin/webhooks/settings -> normalized: settings
DEBUG: Missing /api/admin/webhooks/settings -> normalized: settings
DEBUG: Missing /api/admin/webhooks/bulk-resend -> normalized: bulkresend
DEBUG: Missing /api/admin/users/:userId/files -> normalized: files
DEBUG: Missing /api/admin/fix-all-transcripts -> normalized: fixalltranscripts
DEBUG: Missing /api/admin/recover-incomplete-submissions -> normalized: recoverincompletesubmissions
DEBUG: Missing /api/admin/submissions/resend-to-vetted -> normalized: resendtovetted
DEBUG: Missing /api/admin/submissions/:id/acknowledge -> normalized: acknowledge
DEBUG: Missing /api/admin/submissions/:id/extend -> normalized: extend
DEBUG: Missing /api/admin/submissions/:id/reset -> normalized: reset
DEBUG: Missing /api/admin/resend-to-vetted -> normalized: resendtovetted
DEBUG: Missing /api/admin/submissions/answers/:id -> normalized: :id
DEBUG: Missing /api/admin/submissions/answers -> normalized: answers
DEBUG: Missing /api/submissions -> normalized: submissions
DEBUG: Missing /api/vetted/test -> normalized: test
DEBUG: Missing /api/vetted/jobs -> normalized: jobs
DEBUG: Missing /api/vetted/role-definitions -> normalized: roledefinitions
DEBUG: Missing /api/vetted/jobs/:id -> normalized: :id
DEBUG: Missing /api/vetted/jobs/:id/apply -> normalized: apply
DEBUG: Missing /api/vetted/submissions -> normalized: submissions
DEBUG: Missing /api/vetted/submissions/bulk -> normalized: bulk
DEBUG: Missing /api/shortlist/:projectId -> normalized: :projectid
DEBUG: Missing /api/shortlist/:projectId/candidate/:candidateId -> normalized: :candidateid
DEBUG: Missing /api/shortlist/:projectId/candidate/:candidateId/review -> normalized: review
DEBUG: Missing /api/shortlist/:projectId/stats -> normalized: stats
DEBUG: Missing /api/admin/projects/:projectId/export/csv -> normalized: csv
DEBUG: Missing /api/admin/projects/:projectId/download/resumes -> normalized: resumes
DEBUG: Missing /api/admin/projects/:projectId/export/resumes -> normalized: resumes
DEBUG: Missing /api/admin/export-jobs/:jobId -> normalized: :jobid
DEBUG: Missing /api/cron/process-exports -> normalized: processexports
DEBUG: Missing /api/profile/upload-resume -> normalized: uploadresume
DEBUG: Missing /api/profile/check-resume/:userId -> normalized: :userid
DEBUG: Missing /api/profile/set-default-resume -> normalized: setdefaultresume
DEBUG: Missing /api/profile/link-practice-data -> normalized: linkpracticedata
DEBUG: Missing /api/profile/unlink-practice-data -> normalized: unlinkpracticedata
DEBUG: Missing /api/profile/practice-insights/:userId -> normalized: :userid
DEBUG: Missing /api/webhooks/vetted/job-updated -> normalized: jobupdated
DEBUG: Missing /api/exports/resumes -> normalized: resumes
DEBUG: Missing /permissions/me -> normalized: me
DEBUG: Missing /api/admin/submissions -> normalized: submissions
DEBUG: Missing /api/admin/data -> normalized: data
DEBUG: Missing /profile -> normalized: profile
DEBUG: Missing /resume -> normalized: resume
DEBUG: Missing /applications/bulk -> normalized: bulk
DEBUG: Missing /permissions/me -> normalized: me
DEBUG: Missing /permissions -> normalized: permissions
DEBUG: Missing /users/:userId/permissions -> normalized: permissions
DEBUG: Missing /users/:userId/roles -> normalized: roles
DEBUG: Missing /users/:userId/roles/:roleName -> normalized: :rolename
DEBUG: Missing /users/search -> normalized: search
DEBUG: Missing /audit -> normalized: audit
DEBUG: Missing /:roleName/users -> normalized: users
DEBUG: Missing / -> normalized: 
DEBUG: Missing / -> normalized: 
DEBUG: Missing /:roleName -> normalized: :rolename
DEBUG: Missing /:roleName -> normalized: :rolename
DEBUG: Missing /:roleName -> normalized: :rolename
DEBUG: Missing /functions/v1/fn_receive_candidate_status -> normalized: receivecandidatestatus
DEBUG: Missing /functions/v1/receive-job-update -> normalized: receivejobupdate
DEBUG: Missing /functions/v1/process-job-notifications -> normalized: processjobnotifications
DEBUG: Missing /functions/v1/process-job-notifications-scheduled -> normalized: processjobnotificationsscheduled
DEBUG: Missing /functions/v1/fn_send_profile_webhook -> normalized: sendprofilewebhook
DEBUG: Missing /functions/v1/fn_receive_candidate_promoted -> normalized: receivecandidatepromoted
DEBUG: Missing /functions/v1/fn_receive_candidate_rejected -> normalized: receivecandidaterejected
DEBUG: Missing /functions/v1/receive-candidate-scored -> normalized: receivecandidatescored
DEBUG: Missing /functions/v1/send-audition-to-vetted -> normalized: sendauditiontovetted
